# JRE version: Java(TM) SE Runtime Environment (17.0.4.1+1) (build 17.0.4.1+1-LTS-2)
# Java VM: Java HotSpot(TM) 64-Bit Server VM (17.0.4.1+1-LTS-2, mixed mode, sharing, tiered, compressed oops, compressed class ptrs, g1 gc, windows-amd64)
GC Precious Log:
 CPUs: 16 total, 16 available
 Memory: 32585M
 Large Page Support: Disabled
 NUMA Support: Disabled
 Compressed Oops: Enabled (Zero based)
 Heap Region Size: 4M
 Heap Min Capacity: 8M
 Heap Initial Capacity: 512M
 Heap Max Capacity: 8148M
 Pre-touch: Disabled
 Parallel Workers: 13
 Concurrent Workers: 3
 Concurrent Refinement Workers: 13
 Periodic GC: Disabled
Heap:
 garbage-first heap   total 1871872K, used 1546610K [0x0000000602c00000, 0x0000000800000000)
  region size 4096K, 110 young (450560K), 2 survivors (8192K)
 Metaspace       used 16657K, committed 16832K, reserved 1064960K
  class space    used 1571K, committed 1664K, reserved 1048576K
GC Heap History (20 events):
Event: 819.770 GC heap before
{Heap before GC invocations=153 (full 0):
 garbage-first heap   total 1495040K, used 1300335K [0x0000000602c00000, 0x0000000800000000)
  region size 4096K, 90 young (368640K), 10 survivors (40960K)
 Metaspace       used 16657K, committed 16832K, reserved 1064960K
  class space    used 1571K, committed 1664K, reserved 1048576K
}
Event: 819.776 GC heap after
{Heap after GC invocations=154 (full 0):
 garbage-first heap   total 1495040K, used 991796K [0x0000000602c00000, 0x0000000800000000)
  region size 4096K, 10 young (40960K), 10 survivors (40960K)
 Metaspace       used 16657K, committed 16832K, reserved 1064960K
  class space    used 1571K, committed 1664K, reserved 1048576K
}
Event: 822.112 GC heap before
{Heap before GC invocations=154 (full 0):
 garbage-first heap   total 1495040K, used 1303092K [0x0000000602c00000, 0x0000000800000000)
  region size 4096K, 85 young (348160K), 10 survivors (40960K)
 Metaspace       used 16657K, committed 16832K, reserved 1064960K
  class space    used 1571K, committed 1664K, reserved 1048576K
}
Event: 822.117 GC heap after
{Heap after GC invocations=155 (full 0):
 garbage-first heap   total 1495040K, used 1011813K [0x0000000602c00000, 0x0000000800000000)
  region size 4096K, 9 young (36864K), 9 survivors (36864K)
 Metaspace       used 16657K, committed 16832K, reserved 1064960K
  class space    used 1571K, committed 1664K, reserved 1048576K
}
Event: 824.369 GC heap before
{Heap before GC invocations=155 (full 0):
 garbage-first heap   total 1495040K, used 1302629K [0x0000000602c00000, 0x0000000800000000)
  region size 4096K, 80 young (327680K), 9 survivors (36864K)
 Metaspace       used 16657K, committed 16832K, reserved 1064960K
  class space    used 1571K, committed 1664K, reserved 1048576K
}
Event: 824.373 GC heap after
{Heap after GC invocations=156 (full 0):
 garbage-first heap   total 1495040K, used 1029160K [0x0000000602c00000, 0x0000000800000000)
  region size 4096K, 9 young (36864K), 9 survivors (36864K)
 Metaspace       used 16657K, committed 16832K, reserved 1064960K
  class space    used 1571K, committed 1664K, reserved 1048576K
}
Event: 826.517 GC heap before
{Heap before GC invocations=156 (full 0):
 garbage-first heap   total 1495040K, used 1303592K [0x0000000602c00000, 0x0000000800000000)
  region size 4096K, 76 young (311296K), 9 survivors (36864K)
 Metaspace       used 16657K, committed 16832K, reserved 1064960K
  class space    used 1571K, committed 1664K, reserved 1048576K
}
Event: 826.522 GC heap after
{Heap after GC invocations=157 (full 0):
 garbage-first heap   total 1495040K, used 1044746K [0x0000000602c00000, 0x0000000800000000)
  region size 4096K, 8 young (32768K), 8 survivors (32768K)
 Metaspace       used 16657K, committed 16832K, reserved 1064960K
  class space    used 1571K, committed 1664K, reserved 1048576K
}
Event: 828.518 GC heap before
{Heap before GC invocations=157 (full 0):
 garbage-first heap   total 1495040K, used 1306890K [0x0000000602c00000, 0x0000000800000000)
  region size 4096K, 72 young (294912K), 8 survivors (32768K)
 Metaspace       used 16657K, committed 16832K, reserved 1064960K
  class space    used 1571K, committed 1664K, reserved 1048576K
}
Event: 828.523 GC heap after
{Heap after GC invocations=158 (full 0):
 garbage-first heap   total 1495040K, used 1059371K [0x0000000602c00000, 0x0000000800000000)
  region size 4096K, 8 young (32768K), 8 survivors (32768K)
 Metaspace       used 16657K, committed 16832K, reserved 1064960K
  class space    used 1571K, committed 1664K, reserved 1048576K
}
Event: 830.411 GC heap before
{Heap before GC invocations=158 (full 0):
 garbage-first heap   total 1495040K, used 1305131K [0x0000000602c00000, 0x0000000800000000)
  region size 4096K, 68 young (278528K), 8 survivors (32768K)
 Metaspace       used 16657K, committed 16832K, reserved 1064960K
  class space    used 1571K, committed 1664K, reserved 1048576K
}
Event: 830.416 GC heap after
{Heap after GC invocations=159 (full 0):
 garbage-first heap   total 1495040K, used 1072145K [0x0000000602c00000, 0x0000000800000000)
  region size 4096K, 7 young (28672K), 7 survivors (28672K)
 Metaspace       used 16657K, committed 16832K, reserved 1064960K
  class space    used 1571K, committed 1664K, reserved 1048576K
}
Event: 832.258 GC heap before
{Heap before GC invocations=159 (full 0):
 garbage-first heap   total 1495040K, used 1309713K [0x0000000602c00000, 0x0000000800000000)
  region size 4096K, 65 young (266240K), 7 survivors (28672K)
 Metaspace       used 16657K, committed 16832K, reserved 1064960K
  class space    used 1571K, committed 1664K, reserved 1048576K
}
Event: 832.262 GC heap after
{Heap after GC invocations=160 (full 0):
 garbage-first heap   total 1495040K, used 1086059K [0x0000000602c00000, 0x0000000800000000)
  region size 4096K, 7 young (28672K), 7 survivors (28672K)
 Metaspace       used 16657K, committed 16832K, reserved 1064960K
  class space    used 1571K, committed 1664K, reserved 1048576K
}
Event: 834.042 GC heap before
{Heap before GC invocations=160 (full 0):
 garbage-first heap   total 1495040K, used 1311339K [0x0000000602c00000, 0x0000000800000000)
  region size 4096K, 62 young (253952K), 7 survivors (28672K)
 Metaspace       used 16657K, committed 16832K, reserved 1064960K
  class space    used 1571K, committed 1664K, reserved 1048576K
}
Event: 834.047 GC heap after
{Heap after GC invocations=161 (full 0):
 garbage-first heap   total 1495040K, used 1098811K [0x0000000602c00000, 0x0000000800000000)
  region size 4096K, 7 young (28672K), 7 survivors (28672K)
 Metaspace       used 16657K, committed 16832K, reserved 1064960K
  class space    used 1571K, committed 1664K, reserved 1048576K
}
Event: 835.460 GC heap before
{Heap before GC invocations=162 (full 0):
 garbage-first heap   total 1871872K, used 1274939K [0x0000000602c00000, 0x0000000800000000)
  region size 4096K, 50 young (204800K), 7 survivors (28672K)
 Metaspace       used 16657K, committed 16832K, reserved 1064960K
  class space    used 1571K, committed 1664K, reserved 1048576K
}
Event: 835.465 GC heap after
{Heap after GC invocations=163 (full 0):
 garbage-first heap   total 1871872K, used 1110016K [0x0000000602c00000, 0x0000000800000000)
  region size 4096K, 6 young (24576K), 6 survivors (24576K)
 Metaspace       used 16657K, committed 16832K, reserved 1064960K
  class space    used 1571K, committed 1664K, reserved 1048576K
}
Event: 835.975 GC heap before
{Heap before GC invocations=163 (full 0):
 garbage-first heap   total 1871872K, used 1175552K [0x0000000602c00000, 0x0000000800000000)
  region size 4096K, 22 young (90112K), 6 survivors (24576K)
 Metaspace       used 16657K, committed 16832K, reserved 1064960K
  class space    used 1571K, committed 1664K, reserved 1048576K
}
Event: 835.979 GC heap after
{Heap after GC invocations=164 (full 0):
 garbage-first heap   total 1871872K, used 1108338K [0x0000000602c00000, 0x0000000800000000)
  region size 4096K, 2 young (8192K), 2 survivors (8192K)
 Metaspace       used 16657K, committed 16832K, reserved 1064960K
  class space    used 1571K, committed 1664K, reserved 1048576K
}

