# JRE version: Java(TM) SE Runtime Environment (17.0.4.1+1) (build 17.0.4.1+1-LTS-2)
# Java VM: Java HotSpot(TM) 64-Bit Server VM (17.0.4.1+1-LTS-2, mixed mode, sharing, tiered, compressed oops, compressed class ptrs, g1 gc, windows-amd64)
GC Precious Log:
 CPUs: 16 total, 16 available
 Memory: 32585M
 Large Page Support: Disabled
 NUMA Support: Disabled
 Compressed Oops: Enabled (Zero based)
 Heap Region Size: 4M
 Heap Min Capacity: 8M
 Heap Initial Capacity: 512M
 Heap Max Capacity: 8148M
 Pre-touch: Disabled
 Parallel Workers: 13
 Concurrent Workers: 3
 Concurrent Refinement Workers: 13
 Periodic GC: Disabled
Heap:
 garbage-first heap   total 1413120K, used 898866K [0x0000000602c00000, 0x0000000800000000)
  region size 4096K, 25 young (102400K), 7 survivors (28672K)
 Metaspace       used 16326K, committed 16512K, reserved 1064960K
  class space    used 1541K, committed 1664K, reserved 1048576K
GC Heap History (20 events):
Event: 418.025 GC heap before
{Heap before GC invocations=84 (full 0):
 garbage-first heap   total 1073152K, used 929789K [0x0000000602c00000, 0x0000000800000000)
  region size 4096K, 64 young (262144K), 7 survivors (28672K)
 Metaspace       used 16326K, committed 16512K, reserved 1064960K
  class space    used 1541K, committed 1664K, reserved 1048576K
}
Event: 418.030 GC heap after
{Heap after GC invocations=85 (full 0):
 garbage-first heap   total 1073152K, used 709481K [0x0000000602c00000, 0x0000000800000000)
  region size 4096K, 7 young (28672K), 7 survivors (28672K)
 Metaspace       used 16326K, committed 16512K, reserved 1064960K
  class space    used 1541K, committed 1664K, reserved 1048576K
}
Event: 419.643 GC heap before
{Heap before GC invocations=86 (full 0):
 garbage-first heap   total 1216512K, used 918377K [0x0000000602c00000, 0x0000000800000000)
  region size 4096K, 58 young (237568K), 7 survivors (28672K)
 Metaspace       used 16326K, committed 16512K, reserved 1064960K
  class space    used 1541K, committed 1664K, reserved 1048576K
}
Event: 419.647 GC heap after
{Heap after GC invocations=87 (full 0):
 garbage-first heap   total 1216512K, used 720479K [0x0000000602c00000, 0x0000000800000000)
  region size 4096K, 7 young (28672K), 7 survivors (28672K)
 Metaspace       used 16326K, committed 16512K, reserved 1064960K
  class space    used 1541K, committed 1664K, reserved 1048576K
}
Event: 419.866 GC heap before
{Heap before GC invocations=87 (full 0):
 garbage-first heap   total 1216512K, used 745055K [0x0000000602c00000, 0x0000000800000000)
  region size 4096K, 14 young (57344K), 7 survivors (28672K)
 Metaspace       used 16326K, committed 16512K, reserved 1064960K
  class space    used 1541K, committed 1664K, reserved 1048576K
}
Event: 419.869 GC heap after
{Heap after GC invocations=88 (full 0):
 garbage-first heap   total 1216512K, used 721370K [0x0000000602c00000, 0x0000000800000000)
  region size 4096K, 1 young (4096K), 1 survivors (4096K)
 Metaspace       used 16326K, committed 16512K, reserved 1064960K
  class space    used 1541K, committed 1664K, reserved 1048576K
}
Event: 422.340 GC heap before
{Heap before GC invocations=88 (full 0):
 garbage-first heap   total 1216512K, used 1049050K [0x0000000602c00000, 0x0000000800000000)
  region size 4096K, 81 young (331776K), 1 survivors (4096K)
 Metaspace       used 16326K, committed 16512K, reserved 1064960K
  class space    used 1541K, committed 1664K, reserved 1048576K
}
Event: 422.343 GC heap after
{Heap after GC invocations=89 (full 0):
 garbage-first heap   total 1216512K, used 738477K [0x0000000602c00000, 0x0000000800000000)
  region size 4096K, 5 young (20480K), 5 survivors (20480K)
 Metaspace       used 16326K, committed 16512K, reserved 1064960K
  class space    used 1541K, committed 1664K, reserved 1048576K
}
Event: 424.691 GC heap before
{Heap before GC invocations=89 (full 0):
 garbage-first heap   total 1216512K, used 1049773K [0x0000000602c00000, 0x0000000800000000)
  region size 4096K, 81 young (331776K), 5 survivors (20480K)
 Metaspace       used 16326K, committed 16512K, reserved 1064960K
  class space    used 1541K, committed 1664K, reserved 1048576K
}
Event: 424.695 GC heap after
{Heap after GC invocations=90 (full 0):
 garbage-first heap   total 1216512K, used 756152K [0x0000000602c00000, 0x0000000800000000)
  region size 4096K, 10 young (40960K), 10 survivors (40960K)
 Metaspace       used 16326K, committed 16512K, reserved 1064960K
  class space    used 1541K, committed 1664K, reserved 1048576K
}
Event: 426.902 GC heap before
{Heap before GC invocations=90 (full 0):
 garbage-first heap   total 1216512K, used 1046968K [0x0000000602c00000, 0x0000000800000000)
  region size 4096K, 81 young (331776K), 10 survivors (40960K)
 Metaspace       used 16326K, committed 16512K, reserved 1064960K
  class space    used 1541K, committed 1664K, reserved 1048576K
}
Event: 426.908 GC heap after
{Heap after GC invocations=91 (full 0):
 garbage-first heap   total 1216512K, used 772177K [0x0000000602c00000, 0x0000000800000000)
  region size 4096K, 9 young (36864K), 9 survivors (36864K)
 Metaspace       used 16326K, committed 16512K, reserved 1064960K
  class space    used 1541K, committed 1664K, reserved 1048576K
}
Event: 429.043 GC heap before
{Heap before GC invocations=91 (full 0):
 garbage-first heap   total 1216512K, used 1050705K [0x0000000602c00000, 0x0000000800000000)
  region size 4096K, 77 young (315392K), 9 survivors (36864K)
 Metaspace       used 16326K, committed 16512K, reserved 1064960K
  class space    used 1541K, committed 1664K, reserved 1048576K
}
Event: 429.048 GC heap after
{Heap after GC invocations=92 (full 0):
 garbage-first heap   total 1216512K, used 788238K [0x0000000602c00000, 0x0000000800000000)
  region size 4096K, 9 young (36864K), 9 survivors (36864K)
 Metaspace       used 16326K, committed 16512K, reserved 1064960K
  class space    used 1541K, committed 1664K, reserved 1048576K
}
Event: 431.054 GC heap before
{Heap before GC invocations=92 (full 0):
 garbage-first heap   total 1216512K, used 1050382K [0x0000000602c00000, 0x0000000800000000)
  region size 4096K, 73 young (299008K), 9 survivors (36864K)
 Metaspace       used 16326K, committed 16512K, reserved 1064960K
  class space    used 1541K, committed 1664K, reserved 1048576K
}
Event: 431.058 GC heap after
{Heap after GC invocations=93 (full 0):
 garbage-first heap   total 1216512K, used 802750K [0x0000000602c00000, 0x0000000800000000)
  region size 4096K, 8 young (32768K), 8 survivors (32768K)
 Metaspace       used 16326K, committed 16512K, reserved 1064960K
  class space    used 1541K, committed 1664K, reserved 1048576K
}
Event: 433.027 GC heap before
{Heap before GC invocations=93 (full 0):
 garbage-first heap   total 1216512K, used 1056702K [0x0000000602c00000, 0x0000000800000000)
  region size 4096K, 70 young (286720K), 8 survivors (32768K)
 Metaspace       used 16326K, committed 16512K, reserved 1064960K
  class space    used 1541K, committed 1664K, reserved 1048576K
}
Event: 433.032 GC heap after
{Heap after GC invocations=94 (full 0):
 garbage-first heap   total 1216512K, used 817603K [0x0000000602c00000, 0x0000000800000000)
  region size 4096K, 8 young (32768K), 8 survivors (32768K)
 Metaspace       used 16326K, committed 16512K, reserved 1064960K
  class space    used 1541K, committed 1664K, reserved 1048576K
}
Event: 434.890 GC heap before
{Heap before GC invocations=94 (full 0):
 garbage-first heap   total 1216512K, used 1055171K [0x0000000602c00000, 0x0000000800000000)
  region size 4096K, 66 young (270336K), 8 survivors (32768K)
 Metaspace       used 16326K, committed 16512K, reserved 1064960K
  class space    used 1541K, committed 1664K, reserved 1048576K
}
Event: 434.895 GC heap after
{Heap after GC invocations=95 (full 0):
 garbage-first heap   total 1216512K, used 829234K [0x0000000602c00000, 0x0000000800000000)
  region size 4096K, 7 young (28672K), 7 survivors (28672K)
 Metaspace       used 16326K, committed 16512K, reserved 1064960K
  class space    used 1541K, committed 1664K, reserved 1048576K
}

