# JRE version: Java(TM) SE Runtime Environment (17.0.4.1+1) (build 17.0.4.1+1-LTS-2)
# Java VM: Java HotSpot(TM) 64-Bit Server VM (17.0.4.1+1-LTS-2, mixed mode, sharing, tiered, compressed oops, compressed class ptrs, g1 gc, windows-amd64)
GC Precious Log:
 CPUs: 16 total, 16 available
 Memory: 32585M
 Large Page Support: Disabled
 NUMA Support: Disabled
 Compressed Oops: Enabled (Zero based)
 Heap Region Size: 4M
 Heap Min Capacity: 8M
 Heap Initial Capacity: 512M
 Heap Max Capacity: 8148M
 Pre-touch: Disabled
 Parallel Workers: 13
 Concurrent Workers: 3
 Concurrent Refinement Workers: 13
 Periodic GC: Disabled
Heap:
 garbage-first heap   total 1912832K, used 1728334K [0x0000000602c00000, 0x0000000800000000)
  region size 4096K, 19 young (77824K), 3 survivors (12288K)
 Metaspace       used 16567K, committed 16768K, reserved 1064960K
  class space    used 1560K, committed 1664K, reserved 1048576K
GC Heap History (20 events):
Event: 916.675 GC heap before
{Heap before GC invocations=234 (full 0):
 garbage-first heap   total 1912832K, used 1705677K [0x0000000602c00000, 0x0000000800000000)
  region size 4096K, 23 young (94208K), 3 survivors (12288K)
 Metaspace       used 16567K, committed 16768K, reserved 1064960K
  class space    used 1560K, committed 1664K, reserved 1048576K
}
Event: 916.677 GC heap after
{Heap after GC invocations=235 (full 0):
 garbage-first heap   total 1912832K, used 1628023K [0x0000000602c00000, 0x0000000800000000)
  region size 4096K, 3 young (12288K), 3 survivors (12288K)
 Metaspace       used 16567K, committed 16768K, reserved 1064960K
  class space    used 1560K, committed 1664K, reserved 1048576K
}
Event: 917.375 GC heap before
{Heap before GC invocations=235 (full 0):
 garbage-first heap   total 1912832K, used 1709943K [0x0000000602c00000, 0x0000000800000000)
  region size 4096K, 23 young (94208K), 3 survivors (12288K)
 Metaspace       used 16567K, committed 16768K, reserved 1064960K
  class space    used 1560K, committed 1664K, reserved 1048576K
}
Event: 917.377 GC heap after
{Heap after GC invocations=236 (full 0):
 garbage-first heap   total 1912832K, used 1632267K [0x0000000602c00000, 0x0000000800000000)
  region size 4096K, 3 young (12288K), 3 survivors (12288K)
 Metaspace       used 16567K, committed 16768K, reserved 1064960K
  class space    used 1560K, committed 1664K, reserved 1048576K
}
Event: 918.060 GC heap before
{Heap before GC invocations=236 (full 0):
 garbage-first heap   total 1912832K, used 1714187K [0x0000000602c00000, 0x0000000800000000)
  region size 4096K, 23 young (94208K), 3 survivors (12288K)
 Metaspace       used 16567K, committed 16768K, reserved 1064960K
  class space    used 1560K, committed 1664K, reserved 1048576K
}
Event: 918.062 GC heap after
{Heap after GC invocations=237 (full 0):
 garbage-first heap   total 1912832K, used 1636618K [0x0000000602c00000, 0x0000000800000000)
  region size 4096K, 3 young (12288K), 3 survivors (12288K)
 Metaspace       used 16567K, committed 16768K, reserved 1064960K
  class space    used 1560K, committed 1664K, reserved 1048576K
}
Event: 918.757 GC heap before
{Heap before GC invocations=237 (full 0):
 garbage-first heap   total 1912832K, used 1718538K [0x0000000602c00000, 0x0000000800000000)
  region size 4096K, 23 young (94208K), 3 survivors (12288K)
 Metaspace       used 16567K, committed 16768K, reserved 1064960K
  class space    used 1560K, committed 1664K, reserved 1048576K
}
Event: 918.760 GC heap after
{Heap after GC invocations=238 (full 0):
 garbage-first heap   total 1912832K, used 1641020K [0x0000000602c00000, 0x0000000800000000)
  region size 4096K, 3 young (12288K), 3 survivors (12288K)
 Metaspace       used 16567K, committed 16768K, reserved 1064960K
  class space    used 1560K, committed 1664K, reserved 1048576K
}
Event: 919.468 GC heap before
{Heap before GC invocations=238 (full 0):
 garbage-first heap   total 1912832K, used 1722940K [0x0000000602c00000, 0x0000000800000000)
  region size 4096K, 23 young (94208K), 3 survivors (12288K)
 Metaspace       used 16567K, committed 16768K, reserved 1064960K
  class space    used 1560K, committed 1664K, reserved 1048576K
}
Event: 919.470 GC heap after
{Heap after GC invocations=239 (full 0):
 garbage-first heap   total 1912832K, used 1645347K [0x0000000602c00000, 0x0000000800000000)
  region size 4096K, 3 young (12288K), 3 survivors (12288K)
 Metaspace       used 16567K, committed 16768K, reserved 1064960K
  class space    used 1560K, committed 1664K, reserved 1048576K
}
Event: 920.165 GC heap before
{Heap before GC invocations=239 (full 0):
 garbage-first heap   total 1912832K, used 1727267K [0x0000000602c00000, 0x0000000800000000)
  region size 4096K, 23 young (94208K), 3 survivors (12288K)
 Metaspace       used 16567K, committed 16768K, reserved 1064960K
  class space    used 1560K, committed 1664K, reserved 1048576K
}
Event: 920.167 GC heap after
{Heap after GC invocations=240 (full 0):
 garbage-first heap   total 1912832K, used 1649687K [0x0000000602c00000, 0x0000000800000000)
  region size 4096K, 3 young (12288K), 3 survivors (12288K)
 Metaspace       used 16567K, committed 16768K, reserved 1064960K
  class space    used 1560K, committed 1664K, reserved 1048576K
}
Event: 920.846 GC heap before
{Heap before GC invocations=240 (full 0):
 garbage-first heap   total 1912832K, used 1731607K [0x0000000602c00000, 0x0000000800000000)
  region size 4096K, 23 young (94208K), 3 survivors (12288K)
 Metaspace       used 16567K, committed 16768K, reserved 1064960K
  class space    used 1560K, committed 1664K, reserved 1048576K
}
Event: 920.848 GC heap after
{Heap after GC invocations=241 (full 0):
 garbage-first heap   total 1912832K, used 1654169K [0x0000000602c00000, 0x0000000800000000)
  region size 4096K, 3 young (12288K), 3 survivors (12288K)
 Metaspace       used 16567K, committed 16768K, reserved 1064960K
  class space    used 1560K, committed 1664K, reserved 1048576K
}
Event: 921.548 GC heap before
{Heap before GC invocations=241 (full 0):
 garbage-first heap   total 1912832K, used 1736089K [0x0000000602c00000, 0x0000000800000000)
  region size 4096K, 23 young (94208K), 3 survivors (12288K)
 Metaspace       used 16567K, committed 16768K, reserved 1064960K
  class space    used 1560K, committed 1664K, reserved 1048576K
}
Event: 921.549 GC heap after
{Heap after GC invocations=242 (full 0):
 garbage-first heap   total 1912832K, used 1659050K [0x0000000602c00000, 0x0000000800000000)
  region size 4096K, 3 young (12288K), 3 survivors (12288K)
 Metaspace       used 16567K, committed 16768K, reserved 1064960K
  class space    used 1560K, committed 1664K, reserved 1048576K
}
Event: 922.234 GC heap before
{Heap before GC invocations=242 (full 0):
 garbage-first heap   total 1912832K, used 1740970K [0x0000000602c00000, 0x0000000800000000)
  region size 4096K, 23 young (94208K), 3 survivors (12288K)
 Metaspace       used 16567K, committed 16768K, reserved 1064960K
  class space    used 1560K, committed 1664K, reserved 1048576K
}
Event: 922.236 GC heap after
{Heap after GC invocations=243 (full 0):
 garbage-first heap   total 1912832K, used 1662889K [0x0000000602c00000, 0x0000000800000000)
  region size 4096K, 3 young (12288K), 3 survivors (12288K)
 Metaspace       used 16567K, committed 16768K, reserved 1064960K
  class space    used 1560K, committed 1664K, reserved 1048576K
}
Event: 922.905 GC heap before
{Heap before GC invocations=243 (full 0):
 garbage-first heap   total 1912832K, used 1744809K [0x0000000602c00000, 0x0000000800000000)
  region size 4096K, 23 young (94208K), 3 survivors (12288K)
 Metaspace       used 16567K, committed 16768K, reserved 1064960K
  class space    used 1560K, committed 1664K, reserved 1048576K
}
Event: 922.907 GC heap after
{Heap after GC invocations=244 (full 0):
 garbage-first heap   total 1912832K, used 1666894K [0x0000000602c00000, 0x0000000800000000)
  region size 4096K, 3 young (12288K), 3 survivors (12288K)
 Metaspace       used 16567K, committed 16768K, reserved 1064960K
  class space    used 1560K, committed 1664K, reserved 1048576K
}

